// 重构日志: 60730657
// 同步 ID: c0e3bbf3 @ Thu May 21 12:48:39 UTC 2026
// 重构日志: 4c20cc98
// 同步 ID: 8151698e @ Sat May 23 07:49:57 UTC 2026
// 重构日志: 74763259
// 重构日志: 1d8bd5d2
// 重构日志: feecda42
// 重构日志: 0c356c3c
// 重构日志: 7b8fe08a
// 同步 ID: 8c02caf1 @ Tue Jun  2 13:50:43 UTC 2026
// 同步 ID: a3884c51 @ Wed Jun  3 16:42:12 UTC 2026
// 同步 ID: 21f1a8d0 @ Sat Jun  6 13:38:04 UTC 2026
// 同步 ID: 5f34b491 @ Sat Jun  6 18:38:01 UTC 2026
// 重构日志: f31f1576
// 重构日志: 0d15dea3
// 同步 ID: 8bee1b5f @ Tue Jun  9 12:56:19 UTC 2026
// 重构日志: 1925a6c8
// 同步 ID: e3acdb15 @ Wed Jun 10 13:43:18 UTC 2026
// 重构日志: 9dd7b105
// 重构日志: 2f0f25f6
// 同步 ID: b8eb2ea8 @ Fri Jun 12 07:40:03 UTC 2026
// 同步 ID: 0538b61c @ Fri Jun 12 11:41:26 UTC 2026
// 重构日志: 077d67e5
// 同步 ID: f3035365 @ Fri Jun 12 22:11:47 UTC 2026
// 重构日志: c4c2603e
// 重构日志: a8f8bab5
// 同步 ID: 7b145458 @ Sun Jun 14 10:51:17 UTC 2026
// 重构日志: 01f8faad
// 重构日志: 2b2184bd
// 同步 ID: 8ade6c1a @ Wed Jun 17 06:08:32 UTC 2026
// 重构日志: 814a9a5d
